<?xml version="1.0" encoding="UTF-8"?>
<!-- Generated by org.testng.reporters.JUnitReportReporter -->
<testsuite hostname="DESKTOP-DGE33NL" failures="0" tests="1" name="com.example.demo.MockitoDemoApplicationTests" time="0.083" errors="0" timestamp="2022-05-09T12:19:50 IST" skipped="0">
  <testcase classname="com.example.demo.MockitoDemoApplicationTests" name="test" time="0.083"/>
  <system-out/>
</testsuite> <!-- com.example.demo.MockitoDemoApplicationTests -->
